1529557030585	geckodriver	INFO	geckodriver 0.20.0
1529557030592	geckodriver	INFO	Listening on 127.0.0.1:49487
1529557031484	mozrunner::runner	INFO	Running command: "/Applications/Firefox.app/Contents/MacOS/firefox-bin" "-marionette" "-profile" "/var/folders/gf/w0yvx4ls4t7cs4jp_gdn8zxr0000gn/T/rust_mozprofile.R0NWZbouBkQo"
2018-06-21 06:57:13.703 plugin-container[42218:786402] *** CFMessagePort: bootstrap_register(): failed 1100 (0x44c) 'Permission denied', port = 0x853f, name = 'com.apple.tsm.portname'
See /usr/include/servers/bootstrap_defs.h for the error codes.
2018-06-21 06:57:13.946 plugin-container[42218:786402] *** CFMessagePort: bootstrap_register(): failed 1100 (0x44c) 'Permission denied', port = 0x746f, name = 'com.apple.coredrag'
See /usr/include/servers/bootstrap_defs.h for the error codes.
1529557034347	Marionette	INFO	Listening on port 49495
1529557034465	Marionette	WARN	TLS certificate errors will be ignored for this session
2018-06-21 06:57:14.629 plugin-container[42220:786488] *** CFMessagePort: bootstrap_register(): failed 1100 (0x44c) 'Permission denied', port = 0x7907, name = 'com.apple.tsm.portname'
See /usr/include/servers/bootstrap_defs.h for the error codes.
2018-06-21 06:57:14.742 plugin-container[42220:786488] *** CFMessagePort: bootstrap_register(): failed 1100 (0x44c) 'Permission denied', port = 0x190f, name = 'com.apple.coredrag'
See /usr/include/servers/bootstrap_defs.h for the error codes.
*** UTM:SVC TimerManager:registerTimer called after profile-before-change notification. Ignoring timer registration for id: telemetry_modules_ping
1529557037905	geckodriver::marionette	ERROR	Failed to stop browser process
1529558118995	geckodriver	INFO	geckodriver 0.20.0
1529558119002	geckodriver	INFO	Listening on 127.0.0.1:51043
1529558119954	mozrunner::runner	INFO	Running command: "/Applications/Firefox.app/Contents/MacOS/firefox-bin" "-marionette" "-profile" "/var/folders/gf/w0yvx4ls4t7cs4jp_gdn8zxr0000gn/T/rust_mozprofile.WIsnOu7CAaoP"
2018-06-21 07:15:22.546 plugin-container[42857:797976] *** CFMessagePort: bootstrap_register(): failed 1100 (0x44c) 'Permission denied', port = 0x8943, name = 'com.apple.tsm.portname'
See /usr/include/servers/bootstrap_defs.h for the error codes.
2018-06-21 07:15:22.921 plugin-container[42857:797976] *** CFMessagePort: bootstrap_register(): failed 1100 (0x44c) 'Permission denied', port = 0x8903, name = 'com.apple.coredrag'
See /usr/include/servers/bootstrap_defs.h for the error codes.
2018-06-21 07:15:23.419 plugin-container[42859:798046] *** CFMessagePort: bootstrap_register(): failed 1100 (0x44c) 'Permission denied', port = 0x8143, name = 'com.apple.tsm.portname'
See /usr/include/servers/bootstrap_defs.h for the error codes.
2018-06-21 07:15:23.532 plugin-container[42859:798046] *** CFMessagePort: bootstrap_register(): failed 1100 (0x44c) 'Permission denied', port = 0x802b, name = 'com.apple.coredrag'
See /usr/include/servers/bootstrap_defs.h for the error codes.
1529558123628	Marionette	INFO	Listening on port 51052
1529558123748	Marionette	WARN	TLS certificate errors will be ignored for this session
*** UTM:SVC TimerManager:registerTimer called after profile-before-change notification. Ignoring timer registration for id: telemetry_modules_ping
1529558126661	geckodriver::marionette	ERROR	Failed to stop browser process
1529558146903	geckodriver	INFO	geckodriver 0.20.0
1529558146910	geckodriver	INFO	Listening on 127.0.0.1:51180
1529558147844	mozrunner::runner	INFO	Running command: "/Applications/Firefox.app/Contents/MacOS/firefox-bin" "-marionette" "-profile" "/var/folders/gf/w0yvx4ls4t7cs4jp_gdn8zxr0000gn/T/rust_mozprofile.0ytUCE9svKzs"
2018-06-21 07:15:49.944 plugin-container[42888:798546] *** CFMessagePort: bootstrap_register(): failed 1100 (0x44c) 'Permission denied', port = 0x7943, name = 'com.apple.tsm.portname'
See /usr/include/servers/bootstrap_defs.h for the error codes.
2018-06-21 07:15:49.946 firefox-bin[42887:798448] IMKInputSession [0x11d0d8ca0 presentFunctionRowItemTextInputViewWithEndpoint:completionHandler:] : [self textInputContext]=0x11c8fcbe0 *NO* NSRemoteViewController to client, NSError=Error Domain=NSCocoaErrorDomain Code=4097 "connection from pid 0" UserInfo={NSDebugDescription=connection from pid 0}, com.apple.inputmethod.EmojiFunctionRowItem
2018-06-21 07:15:50.062 plugin-container[42888:798546] *** CFMessagePort: bootstrap_register(): failed 1100 (0x44c) 'Permission denied', port = 0x8827, name = 'com.apple.coredrag'
See /usr/include/servers/bootstrap_defs.h for the error codes.
2018-06-21 07:15:50.095 firefox-bin[42887:798448] IMKInputSession [0x11d0d8ca0 presentFunctionRowItemTextInputViewWithEndpoint:completionHandler:] : [self textInputContext]=0x11c8fcbe0 *NO* NSRemoteViewController to client, NSError=Error Domain=NSCocoaErrorDomain Code=4097 "connection from pid 0" UserInfo={NSDebugDescription=connection from pid 0}, com.apple.inputmethod.EmojiFunctionRowItem
2018-06-21 07:15:50.572 plugin-container[42890:798657] *** CFMessagePort: bootstrap_register(): failed 1100 (0x44c) 'Permission denied', port = 0x7007, name = 'com.apple.tsm.portname'
See /usr/include/servers/bootstrap_defs.h for the error codes.
1529558150670	Marionette	INFO	Listening on port 51187
2018-06-21 07:15:50.681 plugin-container[42890:798657] *** CFMessagePort: bootstrap_register(): failed 1100 (0x44c) 'Permission denied', port = 0x7083, name = 'com.apple.coredrag'
See /usr/include/servers/bootstrap_defs.h for the error codes.
1529558150760	Marionette	WARN	TLS certificate errors will be ignored for this session
2018-06-21 07:15:52.675 firefox-bin[42887:798448] IMKInputSession [0x11d0d8ca0 presentFunctionRowItemTextInputViewWithEndpoint:completionHandler:] : [self textInputContext]=0x11c8fcbe0 *NO* NSRemoteViewController to client, NSError=Error Domain=NSCocoaErrorDomain Code=4097 "connection from pid 0" UserInfo={NSDebugDescription=connection from pid 0}, com.apple.inputmethod.EmojiFunctionRowItem
2018-06-21 07:15:52.777 firefox-bin[42887:798448] IMKInputSession [0x11d0d8ca0 presentFunctionRowItemTextInputViewWithEndpoint:completionHandler:] : [self textInputContext]=0x11c8fcbe0 *NO* NSRemoteViewController to client, NSError=Error Domain=NSCocoaErrorDomain Code=4099 "The connection from pid 0 was invalidated from this process." UserInfo={NSDebugDescription=The connection from pid 0 was invalidated from this process.}, com.apple.inputmethod.EmojiFunctionRowItem

###!!! [Parent][RunMessage] Error: Channel error: cannot send/recv


###!!! [Parent][RunMessage] Error: Channel error: cannot send/recv


###!!! [Parent][RunMessage] Error: Channel error: cannot send/recv


###!!! [Parent][RunMessage] Error: Channel error: cannot send/recv


###!!! [Parent][RunMessage] Error: Channel error: cannot send/recv


###!!! [Parent][RunMessage] Error: Channel error: cannot send/recv


###!!! [Parent][RunMessage] Error: Channel error: cannot send/recv


###!!! [Parent][RunMessage] Error: Channel error: cannot send/recv


###!!! [Parent][RunMessage] Error: Channel error: cannot send/recv


###!!! [Parent][RunMessage] Error: Channel error: cannot send/recv


###!!! [Parent][RunMessage] Error: Channel error: cannot send/recv


###!!! [Parent][RunMessage] Error: Channel error: cannot send/recv


###!!! [Parent][RunMessage] Error: Channel error: cannot send/recv


###!!! [Parent][RunMessage] Error: Channel error: cannot send/recv


###!!! [Parent][RunMessage] Error: Channel error: cannot send/recv


###!!! [Parent][MessageChannel] Error: (msgtype=0x1000B,name=PAPZ::Msg_Destroy) Channel error: cannot send/recv

*** UTM:SVC TimerManager:registerTimer called after profile-before-change notification. Ignoring timer registration for id: telemetry_modules_ping
1529558153489	geckodriver::marionette	ERROR	Failed to stop browser process
1529558551122	geckodriver	INFO	geckodriver 0.20.0
1529558551131	geckodriver	INFO	Listening on 127.0.0.1:51821
1529558551981	mozrunner::runner	INFO	Running command: "/Applications/Firefox.app/Contents/MacOS/firefox-bin" "-marionette" "-profile" "/var/folders/gf/w0yvx4ls4t7cs4jp_gdn8zxr0000gn/T/rust_mozprofile.EOBROQQVdnmB"
2018-06-21 07:22:34.133 plugin-container[43119:802996] *** CFMessagePort: bootstrap_register(): failed 1100 (0x44c) 'Permission denied', port = 0x7347, name = 'com.apple.tsm.portname'
See /usr/include/servers/bootstrap_defs.h for the error codes.
2018-06-21 07:22:34.386 plugin-container[43119:802996] *** CFMessagePort: bootstrap_register(): failed 1100 (0x44c) 'Permission denied', port = 0x268f, name = 'com.apple.coredrag'
See /usr/include/servers/bootstrap_defs.h for the error codes.
1529558554561	Marionette	INFO	Listening on port 51830
1529558554616	Marionette	WARN	TLS certificate errors will be ignored for this session
2018-06-21 07:22:35.447 plugin-container[43121:803087] *** CFMessagePort: bootstrap_register(): failed 1100 (0x44c) 'Permission denied', port = 0x7343, name = 'com.apple.tsm.portname'
See /usr/include/servers/bootstrap_defs.h for the error codes.
2018-06-21 07:22:35.582 plugin-container[43121:803087] *** CFMessagePort: bootstrap_register(): failed 1100 (0x44c) 'Permission denied', port = 0x73cb, name = 'com.apple.coredrag'
See /usr/include/servers/bootstrap_defs.h for the error codes.
*** UTM:SVC TimerManager:registerTimer called after profile-before-change notification. Ignoring timer registration for id: telemetry_modules_ping
1529558557589	geckodriver::marionette	ERROR	Failed to stop browser process
1529558729146	geckodriver	INFO	geckodriver 0.20.0
1529558729153	geckodriver	INFO	Listening on 127.0.0.1:52120
1529558730047	mozrunner::runner	INFO	Running command: "/Applications/Firefox.app/Contents/MacOS/firefox-bin" "-marionette" "-profile" "/var/folders/gf/w0yvx4ls4t7cs4jp_gdn8zxr0000gn/T/rust_mozprofile.qC2Cy2pIP4yl"
2018-06-21 07:25:31.884 plugin-container[43229:805101] *** CFMessagePort: bootstrap_register(): failed 1100 (0x44c) 'Permission denied', port = 0x8b43, name = 'com.apple.tsm.portname'
See /usr/include/servers/bootstrap_defs.h for the error codes.
2018-06-21 07:25:32.271 plugin-container[43229:805101] *** CFMessagePort: bootstrap_register(): failed 1100 (0x44c) 'Permission denied', port = 0x8b03, name = 'com.apple.coredrag'
See /usr/include/servers/bootstrap_defs.h for the error codes.
1529558732928	Marionette	INFO	Listening on port 52127
1529558733083	Marionette	WARN	TLS certificate errors will be ignored for this session
2018-06-21 07:25:33.158 plugin-container[43231:805196] *** CFMessagePort: bootstrap_register(): failed 1100 (0x44c) 'Permission denied', port = 0x743f, name = 'com.apple.tsm.portname'
See /usr/include/servers/bootstrap_defs.h for the error codes.
2018-06-21 07:25:33.278 plugin-container[43231:805196] *** CFMessagePort: bootstrap_register(): failed 1100 (0x44c) 'Permission denied', port = 0x74bb, name = 'com.apple.coredrag'
See /usr/include/servers/bootstrap_defs.h for the error codes.
*** UTM:SVC TimerManager:registerTimer called after profile-before-change notification. Ignoring timer registration for id: telemetry_modules_ping
1529558735440	geckodriver::marionette	ERROR	Failed to stop browser process
1529558769949	geckodriver	INFO	geckodriver 0.20.0
1529558769958	geckodriver	INFO	Listening on 127.0.0.1:52247
1529558770849	mozrunner::runner	INFO	Running command: "/Applications/Firefox.app/Contents/MacOS/firefox-bin" "-marionette" "-profile" "/var/folders/gf/w0yvx4ls4t7cs4jp_gdn8zxr0000gn/T/rust_mozprofile.Qoiz2O7uFa7d"
2018-06-21 07:26:12.534 plugin-container[43265:805881] *** CFMessagePort: bootstrap_register(): failed 1100 (0x44c) 'Permission denied', port = 0x7c43, name = 'com.apple.tsm.portname'
See /usr/include/servers/bootstrap_defs.h for the error codes.
2018-06-21 07:26:12.653 plugin-container[43265:805881] *** CFMessagePort: bootstrap_register(): failed 1100 (0x44c) 'Permission denied', port = 0x7cbf, name = 'com.apple.coredrag'
See /usr/include/servers/bootstrap_defs.h for the error codes.
1529558773085	Marionette	INFO	Listening on port 52254
1529558773188	Marionette	WARN	TLS certificate errors will be ignored for this session
2018-06-21 07:26:13.637 plugin-container[43267:805979] *** CFMessagePort: bootstrap_register(): failed 1100 (0x44c) 'Permission denied', port = 0x8943, name = 'com.apple.tsm.portname'
See /usr/include/servers/bootstrap_defs.h for the error codes.
2018-06-21 07:26:13.721 plugin-container[43267:805979] *** CFMessagePort: bootstrap_register(): failed 1100 (0x44c) 'Permission denied', port = 0x8927, name = 'com.apple.coredrag'
See /usr/include/servers/bootstrap_defs.h for the error codes.
*** UTM:SVC TimerManager:registerTimer called after profile-before-change notification. Ignoring timer registration for id: telemetry_modules_ping
1529558776273	geckodriver::marionette	ERROR	Failed to stop browser process
1529558898446	geckodriver	INFO	geckodriver 0.20.0
1529558898455	geckodriver	INFO	Listening on 127.0.0.1:52503
1529558899357	mozrunner::runner	INFO	Running command: "/Applications/Firefox.app/Contents/MacOS/firefox-bin" "-marionette" "-profile" "/var/folders/gf/w0yvx4ls4t7cs4jp_gdn8zxr0000gn/T/rust_mozprofile.zr86mjKxSIDU"
2018-06-21 07:28:21.631 plugin-container[43346:807534] *** CFMessagePort: bootstrap_register(): failed 1100 (0x44c) 'Permission denied', port = 0x8607, name = 'com.apple.tsm.portname'
See /usr/include/servers/bootstrap_defs.h for the error codes.
2018-06-21 07:28:21.864 plugin-container[43346:807534] *** CFMessagePort: bootstrap_register(): failed 1100 (0x44c) 'Permission denied', port = 0x8647, name = 'com.apple.coredrag'
See /usr/include/servers/bootstrap_defs.h for the error codes.
2018-06-21 07:28:22.523 firefox-bin[43344:807417] IMKInputSession [0x125606790 presentFunctionRowItemTextInputViewWithEndpoint:completionHandler:] : [self textInputContext]=0x11d7f7a00 *NO* NSRemoteViewController to client, NSError=Error Domain=NSCocoaErrorDomain Code=4097 "connection from pid 0" UserInfo={NSDebugDescription=connection from pid 0}, com.apple.inputmethod.EmojiFunctionRowItem
2018-06-21 07:28:22.532 firefox-bin[43344:807417] IMKInputSession [0x125606790 presentFunctionRowItemTextInputViewWithEndpoint:completionHandler:] : [self textInputContext]=0x11d7f7a00 *NO* NSRemoteViewController to client, NSError=Error Domain=NSCocoaErrorDomain Code=4097 "connection from pid 0" UserInfo={NSDebugDescription=connection from pid 0}, com.apple.inputmethod.EmojiFunctionRowItem
1529558902678	Marionette	INFO	Listening on port 52510
2018-06-21 07:28:22.750 plugin-container[43347:807623] *** CFMessagePort: bootstrap_register(): failed 1100 (0x44c) 'Permission denied', port = 0x6d43, name = 'com.apple.tsm.portname'
See /usr/include/servers/bootstrap_defs.h for the error codes.
1529558902761	Marionette	WARN	TLS certificate errors will be ignored for this session
2018-06-21 07:28:22.934 plugin-container[43347:807623] *** CFMessagePort: bootstrap_register(): failed 1100 (0x44c) 'Permission denied', port = 0x6ea7, name = 'com.apple.coredrag'
See /usr/include/servers/bootstrap_defs.h for the error codes.
2018-06-21 07:28:25.062 firefox-bin[43344:807417] IMKInputSession [0x125606790 presentFunctionRowItemTextInputViewWithEndpoint:completionHandler:] : [self textInputContext]=0x11d7f7a00 *NO* NSRemoteViewController to client, NSError=Error Domain=NSCocoaErrorDomain Code=4097 "connection from pid 0" UserInfo={NSDebugDescription=connection from pid 0}, com.apple.inputmethod.EmojiFunctionRowItem
2018-06-21 07:28:25.169 firefox-bin[43344:807417] IMKInputSession [0x125606790 presentFunctionRowItemTextInputViewWithEndpoint:completionHandler:] : [self textInputContext]=0x11d7f7a00 *NO* NSRemoteViewController to client, NSError=Error Domain=NSCocoaErrorDomain Code=4097 "connection from pid 0" UserInfo={NSDebugDescription=connection from pid 0}, com.apple.inputmethod.EmojiFunctionRowItem

###!!! [Parent][MessageChannel] Error: (msgtype=0x7C0001,name=PTexture::Msg___delete__) Channel error: cannot send/recv


###!!! [Parent][RunMessage] Error: Channel error: cannot send/recv


###!!! [Parent][RunMessage] Error: Channel error: cannot send/recv


###!!! [Parent][RunMessage] Error: Channel error: cannot send/recv


###!!! [Parent][RunMessage] Error: Channel error: cannot send/recv


###!!! [Parent][RunMessage] Error: Channel error: cannot send/recv


###!!! [Parent][RunMessage] Error: Channel error: cannot send/recv


###!!! [Parent][RunMessage] Error: Channel error: cannot send/recv


###!!! [Parent][RunMessage] Error: Channel error: cannot send/recv


###!!! [Parent][RunMessage] Error: Channel error: cannot send/recv


###!!! [Parent][RunMessage] Error: Channel error: cannot send/recv


###!!! [Parent][RunMessage] Error: Channel error: cannot send/recv


###!!! [Parent][RunMessage] Error: Channel error: cannot send/recv


###!!! [Parent][MessageChannel] Error: (msgtype=0x1000B,name=PAPZ::Msg_Destroy) Channel error: cannot send/recv

*** UTM:SVC TimerManager:registerTimer called after profile-before-change notification. Ignoring timer registration for id: telemetry_modules_ping
1529558905918	geckodriver::marionette	ERROR	Failed to stop browser process
1529558947441	geckodriver	INFO	geckodriver 0.20.0
1529558947446	geckodriver	INFO	Listening on 127.0.0.1:52654
1529558948350	mozrunner::runner	INFO	Running command: "/Applications/Firefox.app/Contents/MacOS/firefox-bin" "-marionette" "-profile" "/var/folders/gf/w0yvx4ls4t7cs4jp_gdn8zxr0000gn/T/rust_mozprofile.eiQMsg4l94Co"
2018-06-21 07:29:10.124 plugin-container[43384:808266] *** CFMessagePort: bootstrap_register(): failed 1100 (0x44c) 'Permission denied', port = 0x7303, name = 'com.apple.tsm.portname'
See /usr/include/servers/bootstrap_defs.h for the error codes.
2018-06-21 07:29:10.235 plugin-container[43384:808266] *** CFMessagePort: bootstrap_register(): failed 1100 (0x44c) 'Permission denied', port = 0x7343, name = 'com.apple.coredrag'
See /usr/include/servers/bootstrap_defs.h for the error codes.
1529558950716	Marionette	INFO	Listening on port 52663
1529558950826	Marionette	WARN	TLS certificate errors will be ignored for this session
2018-06-21 07:29:11.233 plugin-container[43386:808360] *** CFMessagePort: bootstrap_register(): failed 1100 (0x44c) 'Permission denied', port = 0x7a43, name = 'com.apple.tsm.portname'
See /usr/include/servers/bootstrap_defs.h for the error codes.
2018-06-21 07:29:11.354 plugin-container[43386:808360] *** CFMessagePort: bootstrap_register(): failed 1100 (0x44c) 'Permission denied', port = 0x7a23, name = 'com.apple.coredrag'
See /usr/include/servers/bootstrap_defs.h for the error codes.
*** UTM:SVC TimerManager:registerTimer called after profile-before-change notification. Ignoring timer registration for id: telemetry_modules_ping

###!!! [Parent][RunMessage] Error: Channel closing: too late to send/recv, messages will be lost

1529558953655	geckodriver::marionette	ERROR	Failed to stop browser process
